Configuring data-textual-0.3.0.2...
Building data-textual-0.3.0.2...
Preprocessing library data-textual-0.3.0.2...
[1 of 3] Compiling Data.Textual.Integral ( src/Data/Textual/Integral.hs, .stack-work/dist/x86_64-osx/Cabal-1.22.5.0/build/Data/Textual/Integral.o )
[2 of 3] Compiling Data.Textual.Fractional ( src/Data/Textual/Fractional.hs, .stack-work/dist/x86_64-osx/Cabal-1.22.5.0/build/Data/Textual/Fractional.o )
[3 of 3] Compiling Data.Textual     ( src/Data/Textual.hs, .stack-work/dist/x86_64-osx/Cabal-1.22.5.0/build/Data/Textual.o )

src/Data/Textual.hs:65:1: Warning:
    The import of ‘Data.Foldable’ is redundant
      except perhaps to import instances from ‘Data.Foldable’
    To import instances alone, use: import Data.Foldable()

src/Data/Textual.hs:66:1: Warning:
    The import of ‘Data.Traversable’ is redundant
      except perhaps to import instances from ‘Data.Traversable’
    To import instances alone, use: import Data.Traversable()

src/Data/Textual.hs:67:1: Warning:
    The import of ‘Data.Monoid’ is redundant
      except perhaps to import instances from ‘Data.Monoid’
    To import instances alone, use: import Data.Monoid()
In-place registering data-textual-0.3.0.2...
Installing library in
/Users/BillHallahan/Documents/Research/Firewalls/firewallcode/.stack-work/install/x86_64-osx/lts-6.15/7.10.3/lib/x86_64-osx-ghc-7.10.3/data-textual-0.3.0.2-1wGb6mtdtKhFSdk128wWwe
Registering data-textual-0.3.0.2...
